{"/Users/nicholasperetti/Repos/proxly/src/entities/Cache/index.ts": {"path":"/Users/nicholasperetti/Repos/proxly/src/entities/Cache/index.ts","statementMap":{"0":{"start":{"line":8,"column":0},"end":{"line":8,"column":null}},"1":{"start":{"line":13,"column":12},"end":{"line":13,"column":18}},"2":{"start":{"line":13,"column":20},"end":{"line":13,"column":26}},"3":{"start":{"line":15,"column":4},"end":{"line":15,"column":null}},"4":{"start":{"line":16,"column":4},"end":{"line":16,"column":null}},"5":{"start":{"line":19,"column":2},"end":{"line":21,"column":null}},"6":{"start":{"line":20,"column":4},"end":{"line":20,"column":null}},"7":{"start":{"line":23,"column":2},"end":{"line":25,"column":null}},"8":{"start":{"line":24,"column":4},"end":{"line":24,"column":null}},"9":{"start":{"line":26,"column":0},"end":{"line":26,"column":null}},"10":{"start":{"line":28,"column":0},"end":{"line":28,"column":null}}},"fnMap":{"0":{"name":"(anonymous_0)","decl":{"start":{"line":8,"column":0},"end":{"line":8,"column":null}},"loc":{"start":{"line":8,"column":0},"end":{"line":26,"column":null}}},"1":{"name":"Cache","decl":{"start":{"line":12,"column":2},"end":{"line":12,"column":14}},"loc":{"start":{"line":12,"column":56},"end":{"line":17,"column":3}}},"2":{"name":"(anonymous_2)","decl":{"start":{"line":19,"column":2},"end":{"line":19,"column":5}},"loc":{"start":{"line":19,"column":29},"end":{"line":21,"column":3}}},"3":{"name":"(anonymous_3)","decl":{"start":{"line":23,"column":2},"end":{"line":23,"column":5}},"loc":{"start":{"line":23,"column":17},"end":{"line":25,"column":3}}}},"branchMap":{},"s":{"0":2,"1":6,"2":6,"3":6,"4":6,"5":2,"6":5,"7":2,"8":7,"9":2,"10":2},"f":{"0":2,"1":6,"2":5,"3":7},"b":{}}
,"/Users/nicholasperetti/Repos/proxly/src/entities/Middleware/index.ts": {"path":"/Users/nicholasperetti/Repos/proxly/src/entities/Middleware/index.ts","statementMap":{"0":{"start":{"line":13,"column":0},"end":{"line":13,"column":null}},"1":{"start":{"line":23,"column":12},"end":{"line":23,"column":19}},"2":{"start":{"line":23,"column":21},"end":{"line":23,"column":39}},"3":{"start":{"line":23,"column":41},"end":{"line":23,"column":63}},"4":{"start":{"line":25,"column":4},"end":{"line":25,"column":null}},"5":{"start":{"line":26,"column":4},"end":{"line":26,"column":null}},"6":{"start":{"line":27,"column":4},"end":{"line":27,"column":null}},"7":{"start":{"line":30,"column":2},"end":{"line":32,"column":null}},"8":{"start":{"line":31,"column":4},"end":{"line":31,"column":null}},"9":{"start":{"line":38,"column":2},"end":{"line":40,"column":null}},"10":{"start":{"line":39,"column":4},"end":{"line":39,"column":null}},"11":{"start":{"line":42,"column":2},"end":{"line":44,"column":null}},"12":{"start":{"line":43,"column":4},"end":{"line":43,"column":null}},"13":{"start":{"line":45,"column":0},"end":{"line":45,"column":null}},"14":{"start":{"line":47,"column":0},"end":{"line":47,"column":null}}},"fnMap":{"0":{"name":"(anonymous_0)","decl":{"start":{"line":13,"column":0},"end":{"line":13,"column":null}},"loc":{"start":{"line":13,"column":0},"end":{"line":45,"column":null}}},"1":{"name":"Middleware","decl":{"start":{"line":18,"column":2},"end":{"line":18,"column":14}},"loc":{"start":{"line":22,"column":3},"end":{"line":28,"column":3}}},"2":{"name":"(anonymous_2)","decl":{"start":{"line":30,"column":2},"end":{"line":30,"column":20}},"loc":{"start":{"line":30,"column":42},"end":{"line":32,"column":3}}},"3":{"name":"(anonymous_3)","decl":{"start":{"line":38,"column":2},"end":{"line":38,"column":24}},"loc":{"start":{"line":38,"column":46},"end":{"line":40,"column":3}}},"4":{"name":"(anonymous_4)","decl":{"start":{"line":42,"column":2},"end":{"line":42,"column":7}},"loc":{"start":{"line":42,"column":29},"end":{"line":44,"column":3}}}},"branchMap":{},"s":{"0":4,"1":10,"2":10,"3":10,"4":10,"5":10,"6":10,"7":4,"8":7,"9":4,"10":605,"11":4,"12":5,"13":4,"14":4},"f":{"0":4,"1":10,"2":7,"3":605,"4":5},"b":{}}
,"/Users/nicholasperetti/Repos/proxly/src/entities/ProxyRequest/index.ts": {"path":"/Users/nicholasperetti/Repos/proxly/src/entities/ProxyRequest/index.ts","statementMap":{"0":{"start":{"line":1,"column":0},"end":{"line":1,"column":null}},"1":{"start":{"line":2,"column":2},"end":{"line":2,"column":null}},"2":{"start":{"line":3,"column":2},"end":{"line":3,"column":null}},"3":{"start":{"line":4,"column":2},"end":{"line":4,"column":null}},"4":{"start":{"line":5,"column":2},"end":{"line":5,"column":null}},"5":{"start":{"line":6,"column":2},"end":{"line":6,"column":null}},"6":{"start":{"line":14,"column":0},"end":{"line":14,"column":null}},"7":{"start":{"line":32,"column":4},"end":{"line":32,"column":null}},"8":{"start":{"line":34,"column":4},"end":{"line":34,"column":null}},"9":{"start":{"line":35,"column":4},"end":{"line":35,"column":null}},"10":{"start":{"line":36,"column":4},"end":{"line":36,"column":null}},"11":{"start":{"line":37,"column":4},"end":{"line":37,"column":null}},"12":{"start":{"line":39,"column":4},"end":{"line":39,"column":null}},"13":{"start":{"line":40,"column":4},"end":{"line":40,"column":null}},"14":{"start":{"line":41,"column":4},"end":{"line":41,"column":null}},"15":{"start":{"line":45,"column":2},"end":{"line":47,"column":null}},"16":{"start":{"line":46,"column":4},"end":{"line":46,"column":null}},"17":{"start":{"line":49,"column":2},"end":{"line":51,"column":null}},"18":{"start":{"line":50,"column":4},"end":{"line":50,"column":null}},"19":{"start":{"line":53,"column":2},"end":{"line":55,"column":null}},"20":{"start":{"line":54,"column":4},"end":{"line":54,"column":null}},"21":{"start":{"line":57,"column":2},"end":{"line":59,"column":null}},"22":{"start":{"line":58,"column":4},"end":{"line":58,"column":null}},"23":{"start":{"line":62,"column":2},"end":{"line":64,"column":null}},"24":{"start":{"line":63,"column":4},"end":{"line":63,"column":null}},"25":{"start":{"line":66,"column":2},"end":{"line":68,"column":null}},"26":{"start":{"line":67,"column":4},"end":{"line":67,"column":null}},"27":{"start":{"line":70,"column":2},"end":{"line":72,"column":null}},"28":{"start":{"line":71,"column":4},"end":{"line":71,"column":null}},"29":{"start":{"line":75,"column":2},"end":{"line":77,"column":null}},"30":{"start":{"line":76,"column":4},"end":{"line":76,"column":null}},"31":{"start":{"line":79,"column":2},"end":{"line":81,"column":null}},"32":{"start":{"line":80,"column":4},"end":{"line":80,"column":null}},"33":{"start":{"line":83,"column":2},"end":{"line":85,"column":null}},"34":{"start":{"line":84,"column":4},"end":{"line":84,"column":null}},"35":{"start":{"line":86,"column":0},"end":{"line":86,"column":null}},"36":{"start":{"line":88,"column":0},"end":{"line":88,"column":null}}},"fnMap":{"0":{"name":"(anonymous_2)","decl":{"start":{"line":1,"column":0},"end":{"line":1,"column":12}},"loc":{"start":{"line":1,"column":23},"end":{"line":7,"column":1}}},"1":{"name":"(anonymous_3)","decl":{"start":{"line":14,"column":0},"end":{"line":14,"column":null}},"loc":{"start":{"line":14,"column":0},"end":{"line":86,"column":null}}},"2":{"name":"ProxyRequest","decl":{"start":{"line":26,"column":2},"end":{"line":26,"column":14}},"loc":{"start":{"line":31,"column":3},"end":{"line":42,"column":3}}},"3":{"name":"(anonymous_5)","decl":{"start":{"line":45,"column":2},"end":{"line":45,"column":8}},"loc":{"start":{"line":45,"column":2},"end":{"line":47,"column":3}}},"4":{"name":"(anonymous_6)","decl":{"start":{"line":49,"column":2},"end":{"line":49,"column":11}},"loc":{"start":{"line":49,"column":2},"end":{"line":51,"column":3}}},"5":{"name":"(anonymous_7)","decl":{"start":{"line":53,"column":2},"end":{"line":53,"column":9}},"loc":{"start":{"line":53,"column":2},"end":{"line":55,"column":3}}},"6":{"name":"(anonymous_8)","decl":{"start":{"line":57,"column":2},"end":{"line":57,"column":12}},"loc":{"start":{"line":57,"column":2},"end":{"line":59,"column":3}}},"7":{"name":"(anonymous_9)","decl":{"start":{"line":62,"column":2},"end":{"line":62,"column":14}},"loc":{"start":{"line":62,"column":2},"end":{"line":64,"column":3}}},"8":{"name":"(anonymous_10)","decl":{"start":{"line":66,"column":2},"end":{"line":66,"column":15}},"loc":{"start":{"line":66,"column":2},"end":{"line":68,"column":3}}},"9":{"name":"(anonymous_11)","decl":{"start":{"line":70,"column":2},"end":{"line":70,"column":18}},"loc":{"start":{"line":70,"column":2},"end":{"line":72,"column":3}}},"10":{"name":"(anonymous_12)","decl":{"start":{"line":75,"column":2},"end":{"line":75,"column":14}},"loc":{"start":{"line":75,"column":26},"end":{"line":77,"column":3}}},"11":{"name":"(anonymous_13)","decl":{"start":{"line":79,"column":2},"end":{"line":79,"column":15}},"loc":{"start":{"line":79,"column":28},"end":{"line":81,"column":3}}},"12":{"name":"(anonymous_14)","decl":{"start":{"line":83,"column":2},"end":{"line":83,"column":18}},"loc":{"start":{"line":83,"column":34},"end":{"line":85,"column":3}}}},"branchMap":{"0":{"loc":{"start":{"line":1,"column":12},"end":{"line":1,"column":23}},"type":"binary-expr","locations":[{"start":{"line":1,"column":12},"end":{"line":1,"column":23}},{"start":{"line":1,"column":12},"end":{"line":1,"column":null}}]},"1":{"loc":{"start":{"line":32,"column":13},"end":{"line":32,"column":19}},"type":"binary-expr","locations":[{"start":{"line":32,"column":13},"end":{"line":32,"column":19}},{"start":{"line":32,"column":23},"end":{"line":32,"column":25}}]},"2":{"loc":{"start":{"line":34,"column":18},"end":{"line":34,"column":31}},"type":"binary-expr","locations":[{"start":{"line":34,"column":18},"end":{"line":34,"column":31}},{"start":{"line":34,"column":35},"end":{"line":34,"column":50}}]},"3":{"loc":{"start":{"line":37,"column":19},"end":{"line":37,"column":33}},"type":"binary-expr","locations":[{"start":{"line":37,"column":19},"end":{"line":37,"column":33}},{"start":{"line":37,"column":37},"end":{"line":37,"column":39}}]}},"s":{"0":5,"1":5,"2":5,"3":5,"4":5,"5":5,"6":5,"7":637,"8":637,"9":637,"10":637,"11":637,"12":637,"13":637,"14":637,"15":5,"16":2,"17":5,"18":3,"19":5,"20":1,"21":5,"22":602,"23":5,"24":2,"25":5,"26":3,"27":5,"28":4,"29":5,"30":1,"31":5,"32":1,"33":5,"34":1,"35":5,"36":5},"f":{"0":5,"1":5,"2":637,"3":2,"4":3,"5":1,"6":602,"7":2,"8":3,"9":4,"10":1,"11":1,"12":1},"b":{"0":[5,5],"1":[637,3],"2":[637,635],"3":[637,34]}}
,"/Users/nicholasperetti/Repos/proxly/src/useCases/getMatchingMiddleware/defaultMiddleware.ts": {"path":"/Users/nicholasperetti/Repos/proxly/src/useCases/getMatchingMiddleware/defaultMiddleware.ts","statementMap":{"0":{"start":{"line":1,"column":0},"end":{"line":1,"column":50}},"1":{"start":{"line":3,"column":0},"end":{"line":13,"column":null}},"2":{"start":{"line":4,"column":17},"end":{"line":4,"column":null}},"3":{"start":{"line":6,"column":4},"end":{"line":6,"column":null}},"4":{"start":{"line":9,"column":28},"end":{"line":9,"column":49}},"5":{"start":{"line":10,"column":27},"end":{"line":10,"column":52}},"6":{"start":{"line":11,"column":4},"end":{"line":11,"column":null}}},"fnMap":{"0":{"name":"(anonymous_0)","decl":{"start":{"line":4,"column":11},"end":{"line":4,"column":17}},"loc":{"start":{"line":4,"column":11},"end":{"line":4,"column":21}}},"1":{"name":"(anonymous_1)","decl":{"start":{"line":5,"column":22},"end":{"line":5,"column":29}},"loc":{"start":{"line":5,"column":29},"end":{"line":7,"column":3}}},"2":{"name":"(anonymous_2)","decl":{"start":{"line":8,"column":26},"end":{"line":8,"column":34}},"loc":{"start":{"line":8,"column":34},"end":{"line":12,"column":3}}}},"branchMap":{"0":{"loc":{"start":{"line":11,"column":11},"end":{"line":11,"column":31}},"type":"binary-expr","locations":[{"start":{"line":11,"column":11},"end":{"line":11,"column":31}},{"start":{"line":11,"column":35},"end":{"line":11,"column":56}}]}},"s":{"0":2,"1":2,"2":2,"3":1,"4":600,"5":600,"6":600},"f":{"0":2,"1":1,"2":600},"b":{"0":[600,300]}}
,"/Users/nicholasperetti/Repos/proxly/src/useCases/getMatchingMiddleware/index.ts": {"path":"/Users/nicholasperetti/Repos/proxly/src/useCases/getMatchingMiddleware/index.ts","statementMap":{"0":{"start":{"line":3,"column":0},"end":{"line":3,"column":51}},"1":{"start":{"line":9,"column":2},"end":{"line":11,"column":null}},"2":{"start":{"line":10,"column":4},"end":{"line":10,"column":null}},"3":{"start":{"line":13,"column":29},"end":{"line":14,"column":null}},"4":{"start":{"line":14,"column":4},"end":{"line":14,"column":null}},"5":{"start":{"line":17,"column":2},"end":{"line":17,"column":null}},"6":{"start":{"line":5,"column":0},"end":{"line":5,"column":24}}},"fnMap":{"0":{"name":"getMatchingMiddleware","decl":{"start":{"line":5,"column":24},"end":{"line":5,"column":45}},"loc":{"start":{"line":7,"column":33},"end":{"line":18,"column":1}}},"1":{"name":"(anonymous_1)","decl":{"start":{"line":13,"column":46},"end":{"line":13,"column":56}},"loc":{"start":{"line":13,"column":56},"end":{"line":14,"column":14}}}},"branchMap":{"0":{"loc":{"start":{"line":9,"column":2},"end":{"line":11,"column":null}},"type":"if","locations":[{"start":{"line":9,"column":2},"end":{"line":11,"column":null}},{"start":{"line":9,"column":2},"end":{"line":11,"column":null}}]},"1":{"loc":{"start":{"line":9,"column":6},"end":{"line":9,"column":18}},"type":"binary-expr","locations":[{"start":{"line":9,"column":6},"end":{"line":9,"column":18}},{"start":{"line":9,"column":22},"end":{"line":9,"column":41}}]},"2":{"loc":{"start":{"line":17,"column":9},"end":{"line":17,"column":27}},"type":"binary-expr","locations":[{"start":{"line":17,"column":9},"end":{"line":17,"column":27}},{"start":{"line":17,"column":31},"end":{"line":17,"column":48}}]}},"s":{"0":1,"1":3,"2":1,"3":2,"4":2,"5":2,"6":1},"f":{"0":3,"1":2},"b":{"0":[1,2],"1":[3,2],"2":[2,1]}}
,"/Users/nicholasperetti/Repos/proxly/src/useCases/handleRequest/index.ts": {"path":"/Users/nicholasperetti/Repos/proxly/src/useCases/handleRequest/index.ts","statementMap":{"0":{"start":{"line":15,"column":8},"end":{"line":15,"column":null}},"1":{"start":{"line":16,"column":8},"end":{"line":16,"column":null}},"2":{"start":{"line":18,"column":2},"end":{"line":20,"column":null}},"3":{"start":{"line":19,"column":4},"end":{"line":19,"column":null}},"4":{"start":{"line":22,"column":19},"end":{"line":22,"column":null}},"5":{"start":{"line":22,"column":8},"end":{"line":22,"column":null}},"6":{"start":{"line":24,"column":2},"end":{"line":26,"column":null}},"7":{"start":{"line":25,"column":4},"end":{"line":25,"column":null}},"8":{"start":{"line":28,"column":2},"end":{"line":28,"column":null}},"9":{"start":{"line":8,"column":0},"end":{"line":8,"column":30}}},"fnMap":{"0":{"name":"handleRequest","decl":{"start":{"line":8,"column":30},"end":{"line":8,"column":43}},"loc":{"start":{"line":13,"column":14},"end":{"line":29,"column":null}}}},"branchMap":{"0":{"loc":{"start":{"line":18,"column":2},"end":{"line":20,"column":null}},"type":"if","locations":[{"start":{"line":18,"column":2},"end":{"line":20,"column":null}},{"start":{"line":18,"column":2},"end":{"line":20,"column":null}}]},"1":{"loc":{"start":{"line":24,"column":2},"end":{"line":26,"column":null}},"type":"if","locations":[{"start":{"line":24,"column":2},"end":{"line":26,"column":null}},{"start":{"line":24,"column":2},"end":{"line":26,"column":null}}]}},"s":{"0":5,"1":5,"2":5,"3":1,"4":4,"5":4,"6":4,"7":3,"8":4,"9":1},"f":{"0":5},"b":{"0":[1,4],"1":[3,1]}}
}
