TN:
SF:/Users/nicholasperetti/Repos/proxly/src/entities/Cache/index.ts
FN:8,(anonymous_0)
FN:12,Cache
FN:19,(anonymous_2)
FN:23,(anonymous_3)
FNF:4
FNH:4
FNDA:2,(anonymous_0)
FNDA:6,Cache
FNDA:5,(anonymous_2)
FNDA:7,(anonymous_3)
DA:8,2
DA:13,6
DA:15,6
DA:16,6
DA:19,2
DA:20,5
DA:23,2
DA:24,7
DA:26,2
DA:28,2
LF:10
LH:10
BRF:0
BRH:0
end_of_record
TN:
SF:/Users/nicholasperetti/Repos/proxly/src/entities/Middleware/index.ts
FN:13,(anonymous_0)
FN:18,Middleware
FN:30,(anonymous_2)
FN:38,(anonymous_3)
FN:42,(anonymous_4)
FNF:5
FNH:5
FNDA:4,(anonymous_0)
FNDA:10,Middleware
FNDA:7,(anonymous_2)
FNDA:605,(anonymous_3)
FNDA:5,(anonymous_4)
DA:13,4
DA:23,10
DA:25,10
DA:26,10
DA:27,10
DA:30,4
DA:31,7
DA:38,4
DA:39,605
DA:42,4
DA:43,5
DA:45,4
DA:47,4
LF:13
LH:13
BRF:0
BRH:0
end_of_record
TN:
SF:/Users/nicholasperetti/Repos/proxly/src/entities/ProxyRequest/index.ts
FN:1,(anonymous_2)
FN:14,(anonymous_3)
FN:26,ProxyRequest
FN:45,(anonymous_5)
FN:49,(anonymous_6)
FN:53,(anonymous_7)
FN:57,(anonymous_8)
FN:62,(anonymous_9)
FN:66,(anonymous_10)
FN:70,(anonymous_11)
FN:75,(anonymous_12)
FN:79,(anonymous_13)
FN:83,(anonymous_14)
FNF:13
FNH:13
FNDA:5,(anonymous_2)
FNDA:5,(anonymous_3)
FNDA:637,ProxyRequest
FNDA:2,(anonymous_5)
FNDA:3,(anonymous_6)
FNDA:1,(anonymous_7)
FNDA:602,(anonymous_8)
FNDA:2,(anonymous_9)
FNDA:3,(anonymous_10)
FNDA:4,(anonymous_11)
FNDA:1,(anonymous_12)
FNDA:1,(anonymous_13)
FNDA:1,(anonymous_14)
DA:1,5
DA:2,5
DA:3,5
DA:4,5
DA:5,5
DA:6,5
DA:14,5
DA:32,637
DA:34,637
DA:35,637
DA:36,637
DA:37,637
DA:39,637
DA:40,637
DA:41,637
DA:45,5
DA:46,2
DA:49,5
DA:50,3
DA:53,5
DA:54,1
DA:57,5
DA:58,602
DA:62,5
DA:63,2
DA:66,5
DA:67,3
DA:70,5
DA:71,4
DA:75,5
DA:76,1
DA:79,5
DA:80,1
DA:83,5
DA:84,1
DA:86,5
DA:88,5
LF:37
LH:37
BRDA:1,0,0,5
BRDA:1,0,1,5
BRDA:32,1,0,637
BRDA:32,1,1,3
BRDA:34,2,0,637
BRDA:34,2,1,635
BRDA:37,3,0,637
BRDA:37,3,1,34
BRF:8
BRH:8
end_of_record
TN:
SF:/Users/nicholasperetti/Repos/proxly/src/useCases/getMatchingMiddleware/defaultMiddleware.ts
FN:4,(anonymous_0)
FN:5,(anonymous_1)
FN:8,(anonymous_2)
FNF:3
FNH:3
FNDA:2,(anonymous_0)
FNDA:1,(anonymous_1)
FNDA:600,(anonymous_2)
DA:1,2
DA:3,2
DA:4,2
DA:6,1
DA:9,600
DA:10,600
DA:11,600
LF:7
LH:7
BRDA:11,0,0,600
BRDA:11,0,1,300
BRF:2
BRH:2
end_of_record
TN:
SF:/Users/nicholasperetti/Repos/proxly/src/useCases/getMatchingMiddleware/index.ts
FN:5,getMatchingMiddleware
FN:13,(anonymous_1)
FNF:2
FNH:2
FNDA:3,getMatchingMiddleware
FNDA:2,(anonymous_1)
DA:3,1
DA:5,1
DA:9,3
DA:10,1
DA:13,2
DA:14,2
DA:17,2
LF:7
LH:7
BRDA:9,0,0,1
BRDA:9,0,1,2
BRDA:9,1,0,3
BRDA:9,1,1,2
BRDA:17,2,0,2
BRDA:17,2,1,1
BRF:6
BRH:6
end_of_record
TN:
SF:/Users/nicholasperetti/Repos/proxly/src/useCases/handleRequest/index.ts
FN:8,handleRequest
FNF:1
FNH:1
FNDA:5,handleRequest
DA:8,1
DA:15,5
DA:16,5
DA:18,5
DA:19,1
DA:22,4
DA:24,4
DA:25,3
DA:28,4
LF:9
LH:9
BRDA:18,0,0,1
BRDA:18,0,1,4
BRDA:24,1,0,3
BRDA:24,1,1,1
BRF:4
BRH:4
end_of_record
